  core.c
C:\Users\KfirRabinovitch\Documents\GitHub\comparc1\sim\core.c(50,55): warning C4047: 'function': 'int' differs in levels of indirection from 'int *'
C:\Users\KfirRabinovitch\Documents\GitHub\comparc1\sim\core.c(50,50): warning C4024: 'create_line_for_trace': different types for formal and actual parameter 4
C:\Users\KfirRabinovitch\Documents\GitHub\comparc1\sim\core.c(80,79): warning C4047: 'function': 'unsigned int **' differs in levels of indirection from 'unsigned int *'
C:\Users\KfirRabinovitch\Documents\GitHub\comparc1\sim\core.c(80,74): warning C4024: 'execution': different types for formal and actual parameter 7
C:\Users\KfirRabinovitch\Documents\GitHub\comparc1\sim\core.c(111,40): warning C4047: '=': 'int' differs in levels of indirection from 'int *'
C:\Users\KfirRabinovitch\Documents\GitHub\comparc1\sim\core.c(113,38): warning C4047: '=': 'int' differs in levels of indirection from 'int *'
C:\Users\KfirRabinovitch\Documents\GitHub\comparc1\sim\core.c(137,38): warning C4047: '=': 'int' differs in levels of indirection from 'int *'
C:\Users\KfirRabinovitch\Documents\GitHub\comparc1\sim\core.c(166,37): warning C4047: '=': 'int' differs in levels of indirection from 'int *'
C:\Users\KfirRabinovitch\Documents\GitHub\comparc1\sim\core.c(182,39): warning C4047: '=': 'int' differs in levels of indirection from 'int *'
C:\Users\KfirRabinovitch\Documents\GitHub\comparc1\sim\core.c(184,37): warning C4047: '=': 'int' differs in levels of indirection from 'int *'
C:\Users\KfirRabinovitch\Documents\GitHub\comparc1\sim\core.c(197,64): warning C4047: 'function': 'unsigned int **' differs in levels of indirection from 'unsigned int *'
C:\Users\KfirRabinovitch\Documents\GitHub\comparc1\sim\core.c(197,59): warning C4024: 'execution': different types for formal and actual parameter 7
C:\Users\KfirRabinovitch\Documents\GitHub\comparc1\sim\core.c(259,85): warning C4028: formal parameter 5 different from declaration
C:\Users\KfirRabinovitch\Documents\GitHub\comparc1\sim\core.c(263,37): warning C4047: '==': 'int' differs in levels of indirection from 'int *'
C:\Users\KfirRabinovitch\Documents\GitHub\comparc1\sim\core.c(337,37): warning C4047: '=': 'int' differs in levels of indirection from 'int *'
C:\Users\KfirRabinovitch\Documents\GitHub\comparc1\sim\core.c(339,40): warning C4047: '==': 'int *' differs in levels of indirection from 'int'
C:\Users\KfirRabinovitch\Documents\GitHub\comparc1\sim\core.c(346,37): warning C4047: '=': 'int' differs in levels of indirection from 'int *'
C:\Users\KfirRabinovitch\Documents\GitHub\comparc1\sim\core.c(359,37): warning C4047: '=': 'int' differs in levels of indirection from 'int *'
C:\Users\KfirRabinovitch\Documents\GitHub\comparc1\sim\core.c(361,43): warning C4047: '==': 'int *' differs in levels of indirection from 'int'
C:\Users\KfirRabinovitch\Documents\GitHub\comparc1\sim\core.c(368,37): warning C4047: '=': 'int' differs in levels of indirection from 'int *'
C:\Users\KfirRabinovitch\Documents\GitHub\comparc1\sim\core.c(509,25): warning C4013: 'neg_to_pos' undefined; assuming extern returning int
C:\Users\KfirRabinovitch\Documents\GitHub\comparc1\sim\core.c(554,6): warning C4101: 'i': unreferenced local variable
C:\Users\KfirRabinovitch\Documents\GitHub\comparc1\sim\core.c(642,62): warning C4028: formal parameter 4 different from declaration
C:\Users\KfirRabinovitch\Documents\GitHub\comparc1\sim\core.c(642,90): warning C4028: formal parameter 6 different from declaration
C:\Users\KfirRabinovitch\Documents\GitHub\comparc1\sim\core.c(643,16): warning C4028: formal parameter 7 different from declaration
C:\Users\KfirRabinovitch\Documents\GitHub\comparc1\sim\core.c(920,59): warning C4028: formal parameter 4 different from declaration
C:\Users\KfirRabinovitch\Documents\GitHub\comparc1\sim\core.c(924,25): warning C4047: 'function': 'unsigned int *' differs in levels of indirection from 'unsigned int **'
C:\Users\KfirRabinovitch\Documents\GitHub\comparc1\sim\core.c(924,20): warning C4024: 'put_msi_in_tsram': different types for formal and actual parameter 1
C:\Users\KfirRabinovitch\Documents\GitHub\comparc1\sim\core.c(925,25): warning C4047: 'function': 'unsigned int *' differs in levels of indirection from 'unsigned int **'
C:\Users\KfirRabinovitch\Documents\GitHub\comparc1\sim\core.c(925,20): warning C4024: 'put_tag_in_tsram': different types for formal and actual parameter 1
  main.c
C:\Users\KfirRabinovitch\Documents\GitHub\comparc1\sim\main.c(145,43): warning C4047: 'function': 'int' differs in levels of indirection from 'int *'
C:\Users\KfirRabinovitch\Documents\GitHub\comparc1\sim\main.c(145,38): warning C4024: 'create_line_for_bus': different types for formal and actual parameter 2
  output.c
  Generating Code...
C:\Users\KfirRabinovitch\Documents\GitHub\comparc1\sim\core.c(536): warning C4716: 'initilize_STAT': must return a value
  sim.vcxproj -> C:\Users\KfirRabinovitch\Documents\GitHub\comparc1\sim\Debug\sim.exe
