c:\users\kfirrabinovitch\documents\github\comparc1\sim\debug\vc142.pdb
c:\users\kfirrabinovitch\documents\github\comparc1\sim\debug\vc142.idb
c:\users\kfirrabinovitch\documents\github\comparc1\sim\debug\output.obj
c:\users\kfirrabinovitch\documents\github\comparc1\sim\debug\main.obj
c:\users\kfirrabinovitch\documents\github\comparc1\sim\debug\input.obj
c:\users\kfirrabinovitch\documents\github\comparc1\sim\debug\intructions.obj
c:\users\kfirrabinovitch\documents\github\comparc1\sim\debug\core.obj
c:\users\kfirrabinovitch\documents\github\comparc1\sim\debug\sim.exe
c:\users\kfirrabinovitch\documents\github\comparc1\sim\debug\sim.ilk
c:\users\kfirrabinovitch\documents\github\comparc1\sim\debug\sim.pdb
c:\users\kfirrabinovitch\documents\github\comparc1\sim\debug\core.obj.enc
c:\users\kfirrabinovitch\documents\github\comparc1\sim\debug\output.obj.enc
c:\users\kfirrabinovitch\documents\github\comparc1\sim\debug\core.nativecodeanalysis.xml
c:\users\kfirrabinovitch\documents\github\comparc1\sim\debug\input.nativecodeanalysis.xml
c:\users\kfirrabinovitch\documents\github\comparc1\sim\debug\intructions.nativecodeanalysis.xml
c:\users\kfirrabinovitch\documents\github\comparc1\sim\debug\main.nativecodeanalysis.xml
c:\users\kfirrabinovitch\documents\github\comparc1\sim\debug\output.nativecodeanalysis.xml
c:\users\kfirrabinovitch\documents\github\comparc1\sim\debug\sim.tlog\cl.command.1.tlog
c:\users\kfirrabinovitch\documents\github\comparc1\sim\debug\sim.tlog\cl.read.1.tlog
c:\users\kfirrabinovitch\documents\github\comparc1\sim\debug\sim.tlog\cl.write.1.tlog
c:\users\kfirrabinovitch\documents\github\comparc1\sim\debug\sim.tlog\link.command.1.tlog
c:\users\kfirrabinovitch\documents\github\comparc1\sim\debug\sim.tlog\link.read.1.tlog
c:\users\kfirrabinovitch\documents\github\comparc1\sim\debug\sim.tlog\link.write.1.tlog
